2018-05-17 17:53:42 DEBUG PoolableConnectionFactory:351 - Failed to validate a poolable connection.
java.sql.SQLException: isValid() returned false
	at org.apache.commons.dbcp2.PoolableConnection.validate(PoolableConnection.java:283)
	at org.apache.commons.dbcp2.PoolableConnectionFactory.validateConnection(PoolableConnectionFactory.java:362)
	at org.apache.commons.dbcp2.PoolableConnectionFactory.validateObject(PoolableConnectionFactory.java:347)
	at org.apache.commons.pool2.impl.GenericObjectPool.borrowObject(GenericObjectPool.java:481)
	at org.apache.commons.pool2.impl.GenericObjectPool.borrowObject(GenericObjectPool.java:362)
	at org.apache.commons.dbcp2.PoolingDataSource.getConnection(PoolingDataSource.java:134)
	at org.apache.commons.dbcp2.BasicDataSource.getConnection(BasicDataSource.java:1533)
	at com.waldo.inventory.database.DatabaseAccess.getConnection(DatabaseAccess.java:431)
	at com.waldo.inventory.database.DatabaseAccess$DbQueueWorker.doInBackground(DatabaseAccess.java:273)
	at com.waldo.inventory.database.DatabaseAccess$DbQueueWorker.doInBackground(DatabaseAccess.java:257)
	at javax.swing.SwingWorker$1.call(SwingWorker.java:295)
	at java.util.concurrent.FutureTask.run(FutureTask.java:266)
	at javax.swing.SwingWorker.run(SwingWorker.java:334)
	at java.util.concurrent.ThreadPoolExecutor.runWorker(ThreadPoolExecutor.java:1142)
	at java.util.concurrent.ThreadPoolExecutor$Worker.run(ThreadPoolExecutor.java:617)
	at java.lang.Thread.run(Thread.java:745)
2018-05-17 17:54:01 DEBUG PoolableConnectionFactory:351 - Failed to validate a poolable connection.
java.sql.SQLException: isValid() returned false
	at org.apache.commons.dbcp2.PoolableConnection.validate(PoolableConnection.java:283)
	at org.apache.commons.dbcp2.PoolableConnectionFactory.validateConnection(PoolableConnectionFactory.java:362)
	at org.apache.commons.dbcp2.PoolableConnectionFactory.validateObject(PoolableConnectionFactory.java:347)
	at org.apache.commons.pool2.impl.GenericObjectPool.borrowObject(GenericObjectPool.java:481)
	at org.apache.commons.pool2.impl.GenericObjectPool.borrowObject(GenericObjectPool.java:362)
	at org.apache.commons.dbcp2.PoolingDataSource.getConnection(PoolingDataSource.java:134)
	at org.apache.commons.dbcp2.BasicDataSource.getConnection(BasicDataSource.java:1533)
	at com.waldo.inventory.database.DatabaseAccess.getConnection(DatabaseAccess.java:431)
	at com.waldo.inventory.database.DatabaseAccess$DbQueueWorker.doInBackground(DatabaseAccess.java:273)
	at com.waldo.inventory.database.DatabaseAccess$DbQueueWorker.doInBackground(DatabaseAccess.java:257)
	at javax.swing.SwingWorker$1.call(SwingWorker.java:295)
	at java.util.concurrent.FutureTask.run(FutureTask.java:266)
	at javax.swing.SwingWorker.run(SwingWorker.java:334)
	at java.util.concurrent.ThreadPoolExecutor.runWorker(ThreadPoolExecutor.java:1142)
	at java.util.concurrent.ThreadPoolExecutor$Worker.run(ThreadPoolExecutor.java:617)
	at java.lang.Thread.run(Thread.java:745)
