2017-07-01 00:00:05,885  INFO Thread-0 jdbc.connection - 6. Connection closed  org.apache.commons.dbcp.PoolingConnection.close(PoolingConnection.java:93)
2017-07-01 00:00:05,886 DEBUG Thread-0 jdbc.connection - open connections:  2 3 4 5 (4)
2017-07-01 00:00:05,886  INFO Thread-0 jdbc.connection - 5. Connection closed  org.apache.commons.dbcp.PoolingConnection.close(PoolingConnection.java:93)
2017-07-01 00:00:05,887 DEBUG Thread-0 jdbc.connection - open connections:  2 3 4 (3)
2017-07-01 00:00:05,887  INFO Thread-0 jdbc.connection - 4. Connection closed  org.apache.commons.dbcp.PoolingConnection.close(PoolingConnection.java:93)
2017-07-01 00:00:05,887 DEBUG Thread-0 jdbc.connection - open connections:  2 3 (2)
2017-07-01 00:00:05,888  INFO Thread-0 jdbc.connection - 3. Connection closed  org.apache.commons.dbcp.PoolingConnection.close(PoolingConnection.java:93)
2017-07-01 00:00:05,888 DEBUG Thread-0 jdbc.connection - open connections:  2 (1)
2017-07-01 00:00:05,888  INFO Thread-0 jdbc.connection - 2. Connection closed  org.apache.commons.dbcp.PoolingConnection.close(PoolingConnection.java:93)
2017-07-01 00:00:05,888 DEBUG Thread-0 jdbc.connection - open connections:  none
2017-07-01 00:00:39,273  INFO main com.waldo.inventory.Main - 
 	 Starting application 
 *******************************************************************

2017-07-01 00:00:39,278  INFO main com.waldo.inventory.Main - Start application at /home/waldo/Documents/Geeken/Projects/InventoryApp/
2017-07-01 00:00:39,754  INFO AWT-EventQueue-0 com.waldo.inventory.gui.Application - Reading db at /home/waldo/Documents/Geeken/Projects/InventoryApp/inventory.db
2017-07-01 00:00:39,810  INFO AWT-EventQueue-0 org.flywaydb.core.internal.util.VersionPrinter - Flyway 4.1.1 by Boxfuse
2017-07-01 00:00:40,057  INFO AWT-EventQueue-0 jdbc.connection - 1. Connection opened  org.apache.commons.dbcp.DriverConnectionFactory.createConnection(DriverConnectionFactory.java:38)
2017-07-01 00:00:40,058 DEBUG AWT-EventQueue-0 jdbc.connection - open connections:  1 (1)
2017-07-01 00:00:40,072  INFO AWT-EventQueue-0 jdbc.connection - 1. Connection closed  org.apache.commons.dbcp.PoolingConnection.close(PoolingConnection.java:93)
2017-07-01 00:00:40,073 DEBUG AWT-EventQueue-0 jdbc.connection - open connections:  none
2017-07-01 00:00:40,075  INFO AWT-EventQueue-0 jdbc.connection - 2. Connection opened  org.apache.commons.dbcp.DriverConnectionFactory.createConnection(DriverConnectionFactory.java:38)
2017-07-01 00:00:40,076 DEBUG AWT-EventQueue-0 jdbc.connection - open connections:  2 (1)
2017-07-01 00:00:40,093  INFO AWT-EventQueue-0 jdbc.connection - 3. Connection opened  org.apache.commons.dbcp.DriverConnectionFactory.createConnection(DriverConnectionFactory.java:38)
2017-07-01 00:00:40,094 DEBUG AWT-EventQueue-0 jdbc.connection - open connections:  2 3 (2)
2017-07-01 00:00:40,095  INFO AWT-EventQueue-0 jdbc.connection - 4. Connection opened  org.apache.commons.dbcp.DriverConnectionFactory.createConnection(DriverConnectionFactory.java:38)
2017-07-01 00:00:40,095 DEBUG AWT-EventQueue-0 jdbc.connection - open connections:  2 3 4 (3)
2017-07-01 00:00:40,096  INFO AWT-EventQueue-0 jdbc.connection - 5. Connection opened  org.apache.commons.dbcp.DriverConnectionFactory.createConnection(DriverConnectionFactory.java:38)
2017-07-01 00:00:40,096 DEBUG AWT-EventQueue-0 jdbc.connection - open connections:  2 3 4 5 (4)
2017-07-01 00:00:40,100  INFO AWT-EventQueue-0 jdbc.connection - 6. Connection opened  org.apache.commons.dbcp.DriverConnectionFactory.createConnection(DriverConnectionFactory.java:38)
2017-07-01 00:00:40,100 DEBUG AWT-EventQueue-0 jdbc.connection - open connections:  2 3 4 5 6 (5)
2017-07-01 00:00:40,122  INFO AWT-EventQueue-0 org.flywaydb.core.internal.dbsupport.DbSupportFactory - Database: jdbc:sqlite:/home/waldo/Documents/Geeken/Projects/InventoryApp/inventory.db (SQLite 3.0)
2017-07-01 00:00:40,334  INFO AWT-EventQueue-0 org.flywaydb.core.internal.command.DbValidate - Successfully validated 43 migrations (execution time 00:00.134s)
2017-07-01 00:00:40,335  INFO AWT-EventQueue-0 org.flywaydb.core.internal.dbsupport.sqlite.SQLiteDbSupport - SQLite does not support setting the schema. Default schema NOT changed to main
2017-07-01 00:00:40,355  INFO AWT-EventQueue-0 org.flywaydb.core.internal.command.DbMigrate - Current version of schema "main": 18.9
2017-07-01 00:00:40,356  INFO AWT-EventQueue-0 org.flywaydb.core.internal.command.DbMigrate - Schema "main" is up to date. No migration necessary.
2017-07-01 00:00:40,357  INFO AWT-EventQueue-0 org.flywaydb.core.internal.dbsupport.sqlite.SQLiteDbSupport - SQLite does not support setting the schema. Default schema NOT changed to main
2017-07-01 00:01:16,788 DEBUG SwingWorker-pool-1-thread-1 com.waldo.inventory.classes.DbObject - Start save.
2017-07-01 00:01:16,790 DEBUG SwingWorker-pool-1-thread-1 com.waldo.inventory.classes.DbObject - Connection is open
2017-07-01 00:01:16,953 DEBUG SwingWorker-pool-1-thread-1 com.waldo.inventory.classes.DbObject - Connection was open for: 164ms
2017-07-01 00:01:16,977 DEBUG AWT-EventQueue-0 com.waldo.inventory.classes.DbObject - Updated object in projecttypes
2017-07-01 00:01:16,979  INFO AWT-EventQueue-0 com.waldo.inventory.database.DbManager - Intellij IDEA updated in projecttypes
2017-07-01 00:01:22,066 DEBUG SwingWorker-pool-1-thread-2 com.waldo.inventory.classes.DbObject - Start save.
2017-07-01 00:01:22,067 DEBUG SwingWorker-pool-1-thread-2 com.waldo.inventory.classes.DbObject - Connection is open
2017-07-01 00:01:22,220 DEBUG SwingWorker-pool-1-thread-2 com.waldo.inventory.classes.DbObject - Connection was open for: 153ms
2017-07-01 00:01:22,224 DEBUG AWT-EventQueue-0 com.waldo.inventory.classes.DbObject - Updated object in projecttypes
2017-07-01 00:01:22,224  INFO AWT-EventQueue-0 com.waldo.inventory.database.DbManager - Intellij IDEA updated in projecttypes
2017-07-01 00:01:33,011  INFO Thread-0 jdbc.connection - 6. Connection closed  org.apache.commons.dbcp.PoolingConnection.close(PoolingConnection.java:93)
2017-07-01 00:01:33,011 DEBUG Thread-0 jdbc.connection - open connections:  2 3 4 5 (4)
2017-07-01 00:01:33,012  INFO Thread-0 jdbc.connection - 5. Connection closed  org.apache.commons.dbcp.PoolingConnection.close(PoolingConnection.java:93)
2017-07-01 00:01:33,012 DEBUG Thread-0 jdbc.connection - open connections:  2 3 4 (3)
2017-07-01 00:01:33,012  INFO Thread-0 jdbc.connection - 4. Connection closed  org.apache.commons.dbcp.PoolingConnection.close(PoolingConnection.java:93)
2017-07-01 00:01:33,013 DEBUG Thread-0 jdbc.connection - open connections:  2 3 (2)
2017-07-01 00:01:33,013  INFO Thread-0 jdbc.connection - 3. Connection closed  org.apache.commons.dbcp.PoolingConnection.close(PoolingConnection.java:93)
2017-07-01 00:01:33,013 DEBUG Thread-0 jdbc.connection - open connections:  2 (1)
2017-07-01 00:01:33,013  INFO Thread-0 jdbc.connection - 2. Connection closed  org.apache.commons.dbcp.PoolingConnection.close(PoolingConnection.java:93)
2017-07-01 00:01:33,014 DEBUG Thread-0 jdbc.connection - open connections:  none
2017-07-01 00:47:08,239  INFO main com.waldo.inventory.Main - 
 	 Starting application 
 *******************************************************************

2017-07-01 00:47:08,252  INFO main com.waldo.inventory.Main - Start application at /home/waldo/Documents/Geeken/Projects/InventoryApp/
2017-07-01 00:47:09,496  INFO AWT-EventQueue-0 com.waldo.inventory.gui.Application - Reading db at /home/waldo/Documents/Geeken/Projects/InventoryApp/inventory.db
2017-07-01 00:47:09,564  INFO AWT-EventQueue-0 org.flywaydb.core.internal.util.VersionPrinter - Flyway 4.1.1 by Boxfuse
2017-07-01 00:47:09,942  INFO AWT-EventQueue-0 jdbc.connection - 1. Connection opened  org.apache.commons.dbcp.DriverConnectionFactory.createConnection(DriverConnectionFactory.java:38)
2017-07-01 00:47:09,943 DEBUG AWT-EventQueue-0 jdbc.connection - open connections:  1 (1)
2017-07-01 00:47:09,955  INFO AWT-EventQueue-0 jdbc.connection - 1. Connection closed  org.apache.commons.dbcp.PoolingConnection.close(PoolingConnection.java:93)
2017-07-01 00:47:09,956 DEBUG AWT-EventQueue-0 jdbc.connection - open connections:  none
2017-07-01 00:47:09,958  INFO AWT-EventQueue-0 jdbc.connection - 2. Connection opened  org.apache.commons.dbcp.DriverConnectionFactory.createConnection(DriverConnectionFactory.java:38)
2017-07-01 00:47:09,959 DEBUG AWT-EventQueue-0 jdbc.connection - open connections:  2 (1)
2017-07-01 00:47:09,971  INFO AWT-EventQueue-0 jdbc.connection - 3. Connection opened  org.apache.commons.dbcp.DriverConnectionFactory.createConnection(DriverConnectionFactory.java:38)
2017-07-01 00:47:09,972 DEBUG AWT-EventQueue-0 jdbc.connection - open connections:  2 3 (2)
2017-07-01 00:47:09,973  INFO AWT-EventQueue-0 jdbc.connection - 4. Connection opened  org.apache.commons.dbcp.DriverConnectionFactory.createConnection(DriverConnectionFactory.java:38)
2017-07-01 00:47:09,974 DEBUG AWT-EventQueue-0 jdbc.connection - open connections:  2 3 4 (3)
2017-07-01 00:47:09,974  INFO AWT-EventQueue-0 jdbc.connection - 5. Connection opened  org.apache.commons.dbcp.DriverConnectionFactory.createConnection(DriverConnectionFactory.java:38)
2017-07-01 00:47:09,975 DEBUG AWT-EventQueue-0 jdbc.connection - open connections:  2 3 4 5 (4)
2017-07-01 00:47:09,993  INFO AWT-EventQueue-0 jdbc.connection - 6. Connection opened  org.apache.commons.dbcp.DriverConnectionFactory.createConnection(DriverConnectionFactory.java:38)
2017-07-01 00:47:09,993 DEBUG AWT-EventQueue-0 jdbc.connection - open connections:  2 3 4 5 6 (5)
2017-07-01 00:47:10,009  INFO AWT-EventQueue-0 org.flywaydb.core.internal.dbsupport.DbSupportFactory - Database: jdbc:sqlite:/home/waldo/Documents/Geeken/Projects/InventoryApp/inventory.db (SQLite 3.0)
2017-07-01 00:47:10,151  INFO AWT-EventQueue-0 org.flywaydb.core.internal.command.DbValidate - Successfully validated 43 migrations (execution time 00:00.077s)
2017-07-01 00:47:10,152  INFO AWT-EventQueue-0 org.flywaydb.core.internal.dbsupport.sqlite.SQLiteDbSupport - SQLite does not support setting the schema. Default schema NOT changed to main
2017-07-01 00:47:10,161  INFO AWT-EventQueue-0 org.flywaydb.core.internal.command.DbMigrate - Current version of schema "main": 18.9
2017-07-01 00:47:10,162  INFO AWT-EventQueue-0 org.flywaydb.core.internal.command.DbMigrate - Schema "main" is up to date. No migration necessary.
2017-07-01 00:47:10,163  INFO AWT-EventQueue-0 org.flywaydb.core.internal.dbsupport.sqlite.SQLiteDbSupport - SQLite does not support setting the schema. Default schema NOT changed to main
2017-07-01 00:55:32,858  INFO Thread-0 jdbc.connection - 6. Connection closed  org.apache.commons.dbcp.PoolingConnection.close(PoolingConnection.java:93)
2017-07-01 00:55:32,859 DEBUG Thread-0 jdbc.connection - open connections:  2 3 4 5 (4)
2017-07-01 00:55:32,859  INFO Thread-0 jdbc.connection - 5. Connection closed  org.apache.commons.dbcp.PoolingConnection.close(PoolingConnection.java:93)
2017-07-01 00:55:32,859 DEBUG Thread-0 jdbc.connection - open connections:  2 3 4 (3)
2017-07-01 00:55:32,860  INFO Thread-0 jdbc.connection - 4. Connection closed  org.apache.commons.dbcp.PoolingConnection.close(PoolingConnection.java:93)
2017-07-01 00:55:32,860 DEBUG Thread-0 jdbc.connection - open connections:  2 3 (2)
2017-07-01 00:55:32,860  INFO Thread-0 jdbc.connection - 3. Connection closed  org.apache.commons.dbcp.PoolingConnection.close(PoolingConnection.java:93)
2017-07-01 00:55:32,860 DEBUG Thread-0 jdbc.connection - open connections:  2 (1)
2017-07-01 00:55:32,861  INFO Thread-0 jdbc.connection - 2. Connection closed  org.apache.commons.dbcp.PoolingConnection.close(PoolingConnection.java:93)
2017-07-01 00:55:32,861 DEBUG Thread-0 jdbc.connection - open connections:  none
2017-07-01 00:58:49,581  INFO main com.waldo.inventory.Main - 
 	 Starting application 
 *******************************************************************

2017-07-01 00:58:49,586  INFO main com.waldo.inventory.Main - Start application at /home/waldo/Documents/Geeken/Projects/InventoryApp/
2017-07-01 00:58:50,169  INFO AWT-EventQueue-0 com.waldo.inventory.gui.Application - Reading db at /home/waldo/Documents/Geeken/Projects/InventoryApp/inventory.db
2017-07-01 00:58:50,247  INFO AWT-EventQueue-0 org.flywaydb.core.internal.util.VersionPrinter - Flyway 4.1.1 by Boxfuse
2017-07-01 00:58:50,471  INFO AWT-EventQueue-0 jdbc.connection - 1. Connection opened  org.apache.commons.dbcp.DriverConnectionFactory.createConnection(DriverConnectionFactory.java:38)
2017-07-01 00:58:50,472 DEBUG AWT-EventQueue-0 jdbc.connection - open connections:  1 (1)
2017-07-01 00:58:50,485  INFO AWT-EventQueue-0 jdbc.connection - 1. Connection closed  org.apache.commons.dbcp.PoolingConnection.close(PoolingConnection.java:93)
2017-07-01 00:58:50,485 DEBUG AWT-EventQueue-0 jdbc.connection - open connections:  none
2017-07-01 00:58:50,487  INFO AWT-EventQueue-0 jdbc.connection - 2. Connection opened  org.apache.commons.dbcp.DriverConnectionFactory.createConnection(DriverConnectionFactory.java:38)
2017-07-01 00:58:50,488 DEBUG AWT-EventQueue-0 jdbc.connection - open connections:  2 (1)
2017-07-01 00:58:50,502  INFO AWT-EventQueue-0 jdbc.connection - 3. Connection opened  org.apache.commons.dbcp.DriverConnectionFactory.createConnection(DriverConnectionFactory.java:38)
2017-07-01 00:58:50,503 DEBUG AWT-EventQueue-0 jdbc.connection - open connections:  2 3 (2)
2017-07-01 00:58:50,504  INFO AWT-EventQueue-0 jdbc.connection - 4. Connection opened  org.apache.commons.dbcp.DriverConnectionFactory.createConnection(DriverConnectionFactory.java:38)
2017-07-01 00:58:50,504 DEBUG AWT-EventQueue-0 jdbc.connection - open connections:  2 3 4 (3)
2017-07-01 00:58:50,505  INFO AWT-EventQueue-0 jdbc.connection - 5. Connection opened  org.apache.commons.dbcp.DriverConnectionFactory.createConnection(DriverConnectionFactory.java:38)
2017-07-01 00:58:50,505 DEBUG AWT-EventQueue-0 jdbc.connection - open connections:  2 3 4 5 (4)
2017-07-01 00:58:50,508  INFO AWT-EventQueue-0 jdbc.connection - 6. Connection opened  org.apache.commons.dbcp.DriverConnectionFactory.createConnection(DriverConnectionFactory.java:38)
2017-07-01 00:58:50,509 DEBUG AWT-EventQueue-0 jdbc.connection - open connections:  2 3 4 5 6 (5)
2017-07-01 00:58:50,528  INFO AWT-EventQueue-0 org.flywaydb.core.internal.dbsupport.DbSupportFactory - Database: jdbc:sqlite:/home/waldo/Documents/Geeken/Projects/InventoryApp/inventory.db (SQLite 3.0)
2017-07-01 00:58:50,691  INFO AWT-EventQueue-0 org.flywaydb.core.internal.command.DbValidate - Successfully validated 43 migrations (execution time 00:00.071s)
2017-07-01 00:58:50,692  INFO AWT-EventQueue-0 org.flywaydb.core.internal.dbsupport.sqlite.SQLiteDbSupport - SQLite does not support setting the schema. Default schema NOT changed to main
2017-07-01 00:58:50,706  INFO AWT-EventQueue-0 org.flywaydb.core.internal.command.DbMigrate - Current version of schema "main": 18.9
2017-07-01 00:58:50,709  INFO AWT-EventQueue-0 org.flywaydb.core.internal.command.DbMigrate - Schema "main" is up to date. No migration necessary.
2017-07-01 00:58:50,710  INFO AWT-EventQueue-0 org.flywaydb.core.internal.dbsupport.sqlite.SQLiteDbSupport - SQLite does not support setting the schema. Default schema NOT changed to main
2017-07-01 00:59:44,207 DEBUG SwingWorker-pool-1-thread-1 com.waldo.inventory.classes.DbObject - Start save.
2017-07-01 00:59:44,208 DEBUG SwingWorker-pool-1-thread-1 com.waldo.inventory.classes.DbObject - Connection is open
2017-07-01 00:59:44,347 DEBUG SwingWorker-pool-1-thread-1 com.waldo.inventory.classes.DbObject - Connection was open for: 140ms
2017-07-01 00:59:44,351 DEBUG AWT-EventQueue-0 com.waldo.inventory.classes.DbObject - Updated object in projecttypes
2017-07-01 00:59:44,352  INFO AWT-EventQueue-0 com.waldo.inventory.database.DbManager - KiCad updated in projecttypes
2017-07-01 01:00:20,140 DEBUG SwingWorker-pool-1-thread-2 com.waldo.inventory.classes.DbObject - Start save.
2017-07-01 01:00:20,140 DEBUG SwingWorker-pool-1-thread-2 com.waldo.inventory.classes.DbObject - Connection is open
2017-07-01 01:00:20,261 DEBUG SwingWorker-pool-1-thread-2 com.waldo.inventory.classes.DbObject - Connection was open for: 121ms
2017-07-01 01:00:20,264 DEBUG AWT-EventQueue-0 com.waldo.inventory.classes.DbObject - Updated object in projecttypes
2017-07-01 01:00:20,264  INFO AWT-EventQueue-0 com.waldo.inventory.database.DbManager - KiCad updated in projecttypes
2017-07-01 01:02:36,313  INFO Thread-0 jdbc.connection - 6. Connection closed  org.apache.commons.dbcp.PoolingConnection.close(PoolingConnection.java:93)
2017-07-01 01:02:36,314 DEBUG Thread-0 jdbc.connection - open connections:  2 3 4 5 (4)
2017-07-01 01:02:36,314  INFO Thread-0 jdbc.connection - 5. Connection closed  org.apache.commons.dbcp.PoolingConnection.close(PoolingConnection.java:93)
2017-07-01 01:02:36,314 DEBUG Thread-0 jdbc.connection - open connections:  2 3 4 (3)
2017-07-01 01:02:36,315  INFO Thread-0 jdbc.connection - 4. Connection closed  org.apache.commons.dbcp.PoolingConnection.close(PoolingConnection.java:93)
2017-07-01 01:02:36,315 DEBUG Thread-0 jdbc.connection - open connections:  2 3 (2)
2017-07-01 01:02:36,315  INFO Thread-0 jdbc.connection - 3. Connection closed  org.apache.commons.dbcp.PoolingConnection.close(PoolingConnection.java:93)
2017-07-01 01:02:36,315 DEBUG Thread-0 jdbc.connection - open connections:  2 (1)
2017-07-01 01:02:36,315  INFO Thread-0 jdbc.connection - 2. Connection closed  org.apache.commons.dbcp.PoolingConnection.close(PoolingConnection.java:93)
2017-07-01 01:02:36,316 DEBUG Thread-0 jdbc.connection - open connections:  none
2017-07-01 01:13:59,216  INFO main com.waldo.inventory.Main - 
 	 Starting application 
 *******************************************************************

2017-07-01 01:13:59,222  INFO main com.waldo.inventory.Main - Start application at /home/waldo/Documents/Geeken/Projects/InventoryApp/
2017-07-01 01:14:00,082  INFO AWT-EventQueue-0 com.waldo.inventory.gui.Application - Reading db at /home/waldo/Documents/Geeken/Projects/InventoryApp/inventory.db
2017-07-01 01:14:00,354  INFO AWT-EventQueue-0 org.flywaydb.core.internal.util.VersionPrinter - Flyway 4.1.1 by Boxfuse
2017-07-01 01:14:00,659  INFO AWT-EventQueue-0 jdbc.connection - 1. Connection opened  org.apache.commons.dbcp.DriverConnectionFactory.createConnection(DriverConnectionFactory.java:38)
2017-07-01 01:14:00,660 DEBUG AWT-EventQueue-0 jdbc.connection - open connections:  1 (1)
2017-07-01 01:14:00,673  INFO AWT-EventQueue-0 jdbc.connection - 1. Connection closed  org.apache.commons.dbcp.PoolingConnection.close(PoolingConnection.java:93)
2017-07-01 01:14:00,673 DEBUG AWT-EventQueue-0 jdbc.connection - open connections:  none
2017-07-01 01:14:00,675  INFO AWT-EventQueue-0 jdbc.connection - 2. Connection opened  org.apache.commons.dbcp.DriverConnectionFactory.createConnection(DriverConnectionFactory.java:38)
2017-07-01 01:14:00,676 DEBUG AWT-EventQueue-0 jdbc.connection - open connections:  2 (1)
2017-07-01 01:14:00,688  INFO AWT-EventQueue-0 jdbc.connection - 3. Connection opened  org.apache.commons.dbcp.DriverConnectionFactory.createConnection(DriverConnectionFactory.java:38)
2017-07-01 01:14:00,688 DEBUG AWT-EventQueue-0 jdbc.connection - open connections:  2 3 (2)
2017-07-01 01:14:00,689  INFO AWT-EventQueue-0 jdbc.connection - 4. Connection opened  org.apache.commons.dbcp.DriverConnectionFactory.createConnection(DriverConnectionFactory.java:38)
2017-07-01 01:14:00,690 DEBUG AWT-EventQueue-0 jdbc.connection - open connections:  2 3 4 (3)
2017-07-01 01:14:00,691  INFO AWT-EventQueue-0 jdbc.connection - 5. Connection opened  org.apache.commons.dbcp.DriverConnectionFactory.createConnection(DriverConnectionFactory.java:38)
2017-07-01 01:14:00,691 DEBUG AWT-EventQueue-0 jdbc.connection - open connections:  2 3 4 5 (4)
2017-07-01 01:14:00,694  INFO AWT-EventQueue-0 jdbc.connection - 6. Connection opened  org.apache.commons.dbcp.DriverConnectionFactory.createConnection(DriverConnectionFactory.java:38)
2017-07-01 01:14:00,695 DEBUG AWT-EventQueue-0 jdbc.connection - open connections:  2 3 4 5 6 (5)
2017-07-01 01:14:00,742  INFO AWT-EventQueue-0 org.flywaydb.core.internal.dbsupport.DbSupportFactory - Database: jdbc:sqlite:/home/waldo/Documents/Geeken/Projects/InventoryApp/inventory.db (SQLite 3.0)
2017-07-01 01:14:01,287  INFO AWT-EventQueue-0 org.flywaydb.core.internal.command.DbValidate - Successfully validated 44 migrations (execution time 00:00.441s)
2017-07-01 01:14:01,289  INFO AWT-EventQueue-0 org.flywaydb.core.internal.dbsupport.sqlite.SQLiteDbSupport - SQLite does not support setting the schema. Default schema NOT changed to main
2017-07-01 01:14:01,297  INFO AWT-EventQueue-0 org.flywaydb.core.internal.command.DbMigrate - Current version of schema "main": 18.9
2017-07-01 01:14:01,307  INFO AWT-EventQueue-0 org.flywaydb.core.internal.command.DbMigrate - Migrating schema "main" to version 18.10 - detection booleans
2017-07-01 01:14:01,565  INFO AWT-EventQueue-0 org.flywaydb.core.internal.command.DbMigrate - Successfully applied 1 migration to schema "main" (execution time 00:00.271s).
2017-07-01 01:14:01,566  INFO AWT-EventQueue-0 org.flywaydb.core.internal.dbsupport.sqlite.SQLiteDbSupport - SQLite does not support setting the schema. Default schema NOT changed to main
2017-07-01 01:14:31,511 DEBUG SwingWorker-pool-1-thread-1 com.waldo.inventory.classes.DbObject - Start save.
2017-07-01 01:14:31,512 DEBUG SwingWorker-pool-1-thread-1 com.waldo.inventory.classes.DbObject - Connection is open
2017-07-01 01:14:31,515 ERROR SwingWorker-pool-1-thread-1 jdbc.sqltiming - 6. Connection.prepareStatement(UPDATE projecttypes SET name = ?, iconpath = ?, extension = ?, openasfolder = ?, usedefaultlauncher = ?, launcherpath = ?, matchextension = ?, useparentfolder? WHERE id = ?;) FAILED! UPDATE projecttypes SET name = ?, iconpath = ?, extension = ?, openasfolder = ?, usedefaultlauncher = ?, launcherpath = ?, matchextension = ?, useparentfolder? WHERE id = ?; {FAILED after -1 msec}
org.sqlite.SQLiteException: [SQLITE_ERROR] SQL error or missing database (near "?": syntax error)
	at org.sqlite.core.DB.newSQLException(DB.java:909)
	at org.sqlite.core.DB.newSQLException(DB.java:921)
	at org.sqlite.core.DB.throwex(DB.java:886)
	at org.sqlite.core.NativeDB.prepare_utf8(Native Method)
	at org.sqlite.core.NativeDB.prepare(NativeDB.java:127)
	at org.sqlite.core.DB.prepare(DB.java:227)
	at org.sqlite.core.CorePreparedStatement.<init>(CorePreparedStatement.java:41)
	at org.sqlite.jdbc3.JDBC3PreparedStatement.<init>(JDBC3PreparedStatement.java:30)
	at org.sqlite.jdbc4.JDBC4PreparedStatement.<init>(JDBC4PreparedStatement.java:19)
	at org.sqlite.jdbc4.JDBC4Connection.prepareStatement(JDBC4Connection.java:48)
	at org.sqlite.jdbc3.JDBC3Connection.prepareStatement(JDBC3Connection.java:263)
	at org.sqlite.jdbc3.JDBC3Connection.prepareStatement(JDBC3Connection.java:235)
	at net.sf.log4jdbc.ConnectionSpy.prepareStatement(ConnectionSpy.java:389)
	at org.apache.commons.dbcp.PoolingConnection.makeObject(PoolingConnection.java:285)
	at org.apache.commons.pool.impl.GenericKeyedObjectPool.borrowObject(GenericKeyedObjectPool.java:1179)
	at org.apache.commons.dbcp.PoolingConnection.prepareStatement(PoolingConnection.java:107)
	at org.apache.commons.dbcp.DelegatingConnection.prepareStatement(DelegatingConnection.java:281)
	at org.apache.commons.dbcp.PoolingDataSource$PoolGuardConnectionWrapper.prepareStatement(PoolingDataSource.java:313)
	at com.waldo.inventory.classes.DbObject.doSave(DbObject.java:126)
	at com.waldo.inventory.classes.DbObject$1.doInBackground(DbObject.java:147)
	at javax.swing.SwingWorker$1.call(SwingWorker.java:295)
	at java.util.concurrent.FutureTask.run(FutureTask.java:266)
	at javax.swing.SwingWorker.run(SwingWorker.java:334)
	at java.util.concurrent.ThreadPoolExecutor.runWorker(ThreadPoolExecutor.java:1142)
	at java.util.concurrent.ThreadPoolExecutor$Worker.run(ThreadPoolExecutor.java:617)
	at java.lang.Thread.run(Thread.java:745)
2017-07-01 01:14:41,511 ERROR AWT-EventQueue-0 com.waldo.inventory.classes.DbObject - Failed to save object.
java.util.concurrent.TimeoutException
	at java.util.concurrent.FutureTask.get(FutureTask.java:205)
	at javax.swing.SwingWorker.get(SwingWorker.java:612)
	at com.waldo.inventory.classes.DbObject.save(DbObject.java:180)
	at com.waldo.inventory.gui.dialogs.projecttypesdialog.ProjectTypesDialog.onNeutral(ProjectTypesDialog.java:50)
	at com.waldo.inventory.gui.components.IDialog.lambda$createButtonPanel$4(IDialog.java:180)
	at javax.swing.AbstractButton.fireActionPerformed(AbstractButton.java:2022)
	at javax.swing.AbstractButton$Handler.actionPerformed(AbstractButton.java:2348)
	at javax.swing.DefaultButtonModel.fireActionPerformed(DefaultButtonModel.java:402)
	at javax.swing.DefaultButtonModel.setPressed(DefaultButtonModel.java:259)
	at javax.swing.plaf.basic.BasicButtonListener.mouseReleased(BasicButtonListener.java:252)
	at java.awt.Component.processMouseEvent(Component.java:6533)
	at javax.swing.JComponent.processMouseEvent(JComponent.java:3324)
	at java.awt.Component.processEvent(Component.java:6298)
	at java.awt.Container.processEvent(Container.java:2236)
	at java.awt.Component.dispatchEventImpl(Component.java:4889)
	at java.awt.Container.dispatchEventImpl(Container.java:2294)
	at java.awt.Component.dispatchEvent(Component.java:4711)
	at java.awt.LightweightDispatcher.retargetMouseEvent(Container.java:4888)
	at java.awt.LightweightDispatcher.processMouseEvent(Container.java:4525)
	at java.awt.LightweightDispatcher.dispatchEvent(Container.java:4466)
	at java.awt.Container.dispatchEventImpl(Container.java:2280)
	at java.awt.Window.dispatchEventImpl(Window.java:2746)
	at java.awt.Component.dispatchEvent(Component.java:4711)
	at java.awt.EventQueue.dispatchEventImpl(EventQueue.java:758)
	at java.awt.EventQueue.access$500(EventQueue.java:97)
	at java.awt.EventQueue$3.run(EventQueue.java:709)
	at java.awt.EventQueue$3.run(EventQueue.java:703)
	at java.security.AccessController.doPrivileged(Native Method)
	at java.security.ProtectionDomain$JavaSecurityAccessImpl.doIntersectionPrivilege(ProtectionDomain.java:80)
	at java.security.ProtectionDomain$JavaSecurityAccessImpl.doIntersectionPrivilege(ProtectionDomain.java:90)
	at java.awt.EventQueue$4.run(EventQueue.java:731)
	at java.awt.EventQueue$4.run(EventQueue.java:729)
	at java.security.AccessController.doPrivileged(Native Method)
	at java.security.ProtectionDomain$JavaSecurityAccessImpl.doIntersectionPrivilege(ProtectionDomain.java:80)
	at java.awt.EventQueue.dispatchEvent(EventQueue.java:728)
	at java.awt.EventDispatchThread.pumpOneEventForFilters(EventDispatchThread.java:201)
	at java.awt.EventDispatchThread.pumpEventsForFilter(EventDispatchThread.java:116)
	at java.awt.EventDispatchThread.pumpEventsForFilter(EventDispatchThread.java:109)
	at java.awt.WaitDispatchSupport$2.run(WaitDispatchSupport.java:184)
	at java.awt.WaitDispatchSupport$4.run(WaitDispatchSupport.java:229)
	at java.awt.WaitDispatchSupport$4.run(WaitDispatchSupport.java:227)
	at java.security.AccessController.doPrivileged(Native Method)
	at java.awt.WaitDispatchSupport.enter(WaitDispatchSupport.java:227)
	at java.awt.Dialog.show(Dialog.java:1084)
	at java.awt.Component.show(Component.java:1671)
	at java.awt.Component.setVisible(Component.java:1623)
	at java.awt.Window.setVisible(Window.java:1014)
	at java.awt.Dialog.setVisible(Dialog.java:1005)
	at com.waldo.inventory.gui.components.IDialog.showDialog(IDialog.java:97)
	at com.waldo.inventory.gui.MenuBar.lambda$projectTypesSelected$5(MenuBar.java:111)
	at javax.swing.AbstractButton.fireActionPerformed(AbstractButton.java:2022)
	at javax.swing.AbstractButton$Handler.actionPerformed(AbstractButton.java:2348)
	at javax.swing.DefaultButtonModel.fireActionPerformed(DefaultButtonModel.java:402)
	at javax.swing.DefaultButtonModel.setPressed(DefaultButtonModel.java:259)
	at javax.swing.AbstractButton.doClick(AbstractButton.java:376)
	at javax.swing.plaf.basic.BasicMenuItemUI.doClick(BasicMenuItemUI.java:833)
	at javax.swing.plaf.basic.BasicMenuItemUI$Handler.mouseReleased(BasicMenuItemUI.java:877)
	at java.awt.Component.processMouseEvent(Component.java:6533)
	at javax.swing.JComponent.processMouseEvent(JComponent.java:3324)
	at java.awt.Component.processEvent(Component.java:6298)
	at java.awt.Container.processEvent(Container.java:2236)
	at java.awt.Component.dispatchEventImpl(Component.java:4889)
	at java.awt.Container.dispatchEventImpl(Container.java:2294)
	at java.awt.Component.dispatchEvent(Component.java:4711)
	at java.awt.LightweightDispatcher.retargetMouseEvent(Container.java:4888)
	at java.awt.LightweightDispatcher.processMouseEvent(Container.java:4525)
	at java.awt.LightweightDispatcher.dispatchEvent(Container.java:4466)
	at java.awt.Container.dispatchEventImpl(Container.java:2280)
	at java.awt.Window.dispatchEventImpl(Window.java:2746)
	at java.awt.Component.dispatchEvent(Component.java:4711)
	at java.awt.EventQueue.dispatchEventImpl(EventQueue.java:758)
	at java.awt.EventQueue.access$500(EventQueue.java:97)
	at java.awt.EventQueue$3.run(EventQueue.java:709)
	at java.awt.EventQueue$3.run(EventQueue.java:703)
	at java.security.AccessController.doPrivileged(Native Method)
	at java.security.ProtectionDomain$JavaSecurityAccessImpl.doIntersectionPrivilege(ProtectionDomain.java:80)
	at java.security.ProtectionDomain$JavaSecurityAccessImpl.doIntersectionPrivilege(ProtectionDomain.java:90)
	at java.awt.EventQueue$4.run(EventQueue.java:731)
	at java.awt.EventQueue$4.run(EventQueue.java:729)
	at java.security.AccessController.doPrivileged(Native Method)
	at java.security.ProtectionDomain$JavaSecurityAccessImpl.doIntersectionPrivilege(ProtectionDomain.java:80)
	at java.awt.EventQueue.dispatchEvent(EventQueue.java:728)
	at java.awt.EventDispatchThread.pumpOneEventForFilters(EventDispatchThread.java:201)
	at java.awt.EventDispatchThread.pumpEventsForFilter(EventDispatchThread.java:116)
	at java.awt.EventDispatchThread.pumpEventsForHierarchy(EventDispatchThread.java:105)
	at java.awt.EventDispatchThread.pumpEvents(EventDispatchThread.java:101)
	at java.awt.EventDispatchThread.pumpEvents(EventDispatchThread.java:93)
	at java.awt.EventDispatchThread.run(EventDispatchThread.java:82)
2017-07-01 01:15:17,575 ERROR SwingWorker-pool-1-thread-1 com.waldo.inventory.classes.DbObject - Failed to save object.
org.apache.commons.dbcp.SQLNestedException: Borrow prepareStatement from pool failed
	at org.apache.commons.dbcp.PoolingConnection.prepareStatement(PoolingConnection.java:113)
	at org.apache.commons.dbcp.DelegatingConnection.prepareStatement(DelegatingConnection.java:281)
	at org.apache.commons.dbcp.PoolingDataSource$PoolGuardConnectionWrapper.prepareStatement(PoolingDataSource.java:313)
	at com.waldo.inventory.classes.DbObject.doSave(DbObject.java:126)
	at com.waldo.inventory.classes.DbObject$1.doInBackground(DbObject.java:147)
	at javax.swing.SwingWorker$1.call(SwingWorker.java:295)
	at java.util.concurrent.FutureTask.run(FutureTask.java:266)
	at javax.swing.SwingWorker.run(SwingWorker.java:334)
	at java.util.concurrent.ThreadPoolExecutor.runWorker(ThreadPoolExecutor.java:1142)
	at java.util.concurrent.ThreadPoolExecutor$Worker.run(ThreadPoolExecutor.java:617)
	at java.lang.Thread.run(Thread.java:745)
Caused by: org.sqlite.SQLiteException: [SQLITE_ERROR] SQL error or missing database (near "?": syntax error)
	at org.sqlite.core.DB.newSQLException(DB.java:909)
	at org.sqlite.core.DB.newSQLException(DB.java:921)
	at org.sqlite.core.DB.throwex(DB.java:886)
	at org.sqlite.core.NativeDB.prepare_utf8(Native Method)
	at org.sqlite.core.NativeDB.prepare(NativeDB.java:127)
	at org.sqlite.core.DB.prepare(DB.java:227)
	at org.sqlite.core.CorePreparedStatement.<init>(CorePreparedStatement.java:41)
	at org.sqlite.jdbc3.JDBC3PreparedStatement.<init>(JDBC3PreparedStatement.java:30)
	at org.sqlite.jdbc4.JDBC4PreparedStatement.<init>(JDBC4PreparedStatement.java:19)
	at org.sqlite.jdbc4.JDBC4Connection.prepareStatement(JDBC4Connection.java:48)
	at org.sqlite.jdbc3.JDBC3Connection.prepareStatement(JDBC3Connection.java:263)
	at org.sqlite.jdbc3.JDBC3Connection.prepareStatement(JDBC3Connection.java:235)
	at net.sf.log4jdbc.ConnectionSpy.prepareStatement(ConnectionSpy.java:389)
	at org.apache.commons.dbcp.PoolingConnection.makeObject(PoolingConnection.java:285)
	at org.apache.commons.pool.impl.GenericKeyedObjectPool.borrowObject(GenericKeyedObjectPool.java:1179)
	at org.apache.commons.dbcp.PoolingConnection.prepareStatement(PoolingConnection.java:107)
	... 10 more
2017-07-01 01:15:17,610 DEBUG AWT-EventQueue-0 com.waldo.inventory.classes.DbObject - Updated object in projecttypes
2017-07-01 01:15:17,611  INFO AWT-EventQueue-0 com.waldo.inventory.database.DbManager - KiCad updated in projecttypes
2017-07-01 01:15:20,832  INFO Thread-0 jdbc.connection - 6. Connection closed  org.apache.commons.dbcp.PoolingConnection.close(PoolingConnection.java:93)
2017-07-01 01:15:20,832 DEBUG Thread-0 jdbc.connection - open connections:  2 3 4 5 (4)
2017-07-01 01:15:20,833  INFO Thread-0 jdbc.connection - 5. Connection closed  org.apache.commons.dbcp.PoolingConnection.close(PoolingConnection.java:93)
2017-07-01 01:15:20,833 DEBUG Thread-0 jdbc.connection - open connections:  2 3 4 (3)
2017-07-01 01:15:20,833  INFO Thread-0 jdbc.connection - 4. Connection closed  org.apache.commons.dbcp.PoolingConnection.close(PoolingConnection.java:93)
2017-07-01 01:15:20,833 DEBUG Thread-0 jdbc.connection - open connections:  2 3 (2)
2017-07-01 01:15:20,834  INFO Thread-0 jdbc.connection - 3. Connection closed  org.apache.commons.dbcp.PoolingConnection.close(PoolingConnection.java:93)
2017-07-01 01:15:20,834 DEBUG Thread-0 jdbc.connection - open connections:  2 (1)
2017-07-01 01:15:20,834  INFO Thread-0 jdbc.connection - 2. Connection closed  org.apache.commons.dbcp.PoolingConnection.close(PoolingConnection.java:93)
2017-07-01 01:15:20,834 DEBUG Thread-0 jdbc.connection - open connections:  none
2017-07-01 01:16:31,361  INFO main com.waldo.inventory.Main - 
 	 Starting application 
 *******************************************************************

2017-07-01 01:16:31,366  INFO main com.waldo.inventory.Main - Start application at /home/waldo/Documents/Geeken/Projects/InventoryApp/
2017-07-01 01:16:31,851  INFO AWT-EventQueue-0 com.waldo.inventory.gui.Application - Reading db at /home/waldo/Documents/Geeken/Projects/InventoryApp/inventory.db
2017-07-01 01:16:31,909  INFO AWT-EventQueue-0 org.flywaydb.core.internal.util.VersionPrinter - Flyway 4.1.1 by Boxfuse
2017-07-01 01:16:32,146  INFO AWT-EventQueue-0 jdbc.connection - 1. Connection opened  org.apache.commons.dbcp.DriverConnectionFactory.createConnection(DriverConnectionFactory.java:38)
2017-07-01 01:16:32,147 DEBUG AWT-EventQueue-0 jdbc.connection - open connections:  1 (1)
2017-07-01 01:16:32,161  INFO AWT-EventQueue-0 jdbc.connection - 1. Connection closed  org.apache.commons.dbcp.PoolingConnection.close(PoolingConnection.java:93)
2017-07-01 01:16:32,162 DEBUG AWT-EventQueue-0 jdbc.connection - open connections:  none
2017-07-01 01:16:32,163  INFO AWT-EventQueue-0 jdbc.connection - 2. Connection opened  org.apache.commons.dbcp.DriverConnectionFactory.createConnection(DriverConnectionFactory.java:38)
2017-07-01 01:16:32,165 DEBUG AWT-EventQueue-0 jdbc.connection - open connections:  2 (1)
2017-07-01 01:16:32,181  INFO AWT-EventQueue-0 jdbc.connection - 3. Connection opened  org.apache.commons.dbcp.DriverConnectionFactory.createConnection(DriverConnectionFactory.java:38)
2017-07-01 01:16:32,181 DEBUG AWT-EventQueue-0 jdbc.connection - open connections:  2 3 (2)
2017-07-01 01:16:32,183  INFO AWT-EventQueue-0 jdbc.connection - 4. Connection opened  org.apache.commons.dbcp.DriverConnectionFactory.createConnection(DriverConnectionFactory.java:38)
2017-07-01 01:16:32,183 DEBUG AWT-EventQueue-0 jdbc.connection - open connections:  2 3 4 (3)
2017-07-01 01:16:32,184  INFO AWT-EventQueue-0 jdbc.connection - 5. Connection opened  org.apache.commons.dbcp.DriverConnectionFactory.createConnection(DriverConnectionFactory.java:38)
2017-07-01 01:16:32,184 DEBUG AWT-EventQueue-0 jdbc.connection - open connections:  2 3 4 5 (4)
2017-07-01 01:16:32,191  INFO AWT-EventQueue-0 jdbc.connection - 6. Connection opened  org.apache.commons.dbcp.DriverConnectionFactory.createConnection(DriverConnectionFactory.java:38)
2017-07-01 01:16:32,192 DEBUG AWT-EventQueue-0 jdbc.connection - open connections:  2 3 4 5 6 (5)
2017-07-01 01:16:32,220  INFO AWT-EventQueue-0 org.flywaydb.core.internal.dbsupport.DbSupportFactory - Database: jdbc:sqlite:/home/waldo/Documents/Geeken/Projects/InventoryApp/inventory.db (SQLite 3.0)
2017-07-01 01:16:32,471  INFO AWT-EventQueue-0 org.flywaydb.core.internal.command.DbValidate - Successfully validated 44 migrations (execution time 00:00.148s)
2017-07-01 01:16:32,473  INFO AWT-EventQueue-0 org.flywaydb.core.internal.dbsupport.sqlite.SQLiteDbSupport - SQLite does not support setting the schema. Default schema NOT changed to main
2017-07-01 01:16:32,483  INFO AWT-EventQueue-0 org.flywaydb.core.internal.command.DbMigrate - Current version of schema "main": 18.10
2017-07-01 01:16:32,484  INFO AWT-EventQueue-0 org.flywaydb.core.internal.command.DbMigrate - Schema "main" is up to date. No migration necessary.
2017-07-01 01:16:32,486  INFO AWT-EventQueue-0 org.flywaydb.core.internal.dbsupport.sqlite.SQLiteDbSupport - SQLite does not support setting the schema. Default schema NOT changed to main
2017-07-01 01:16:42,902 DEBUG SwingWorker-pool-1-thread-1 com.waldo.inventory.classes.DbObject - Start save.
2017-07-01 01:16:42,903 DEBUG SwingWorker-pool-1-thread-1 com.waldo.inventory.classes.DbObject - Connection is open
2017-07-01 01:16:42,922 ERROR SwingWorker-pool-1-thread-1 jdbc.sqltiming - 6. Connection.prepareStatement(UPDATE projecttypes SET name = ?, iconpath = ?, extension = ?, openasfolder = ?, usedefaultlauncher = ?, launcherpath = ?, matchextension = ?, useparentfolder? WHERE id = ?;) FAILED! UPDATE projecttypes SET name = ?, iconpath = ?, extension = ?, openasfolder = ?, usedefaultlauncher = ?, launcherpath = ?, matchextension = ?, useparentfolder? WHERE id = ?; {FAILED after -1 msec}
org.sqlite.SQLiteException: [SQLITE_ERROR] SQL error or missing database (near "?": syntax error)
	at org.sqlite.core.DB.newSQLException(DB.java:909)
	at org.sqlite.core.DB.newSQLException(DB.java:921)
	at org.sqlite.core.DB.throwex(DB.java:886)
	at org.sqlite.core.NativeDB.prepare_utf8(Native Method)
	at org.sqlite.core.NativeDB.prepare(NativeDB.java:127)
	at org.sqlite.core.DB.prepare(DB.java:227)
	at org.sqlite.core.CorePreparedStatement.<init>(CorePreparedStatement.java:41)
	at org.sqlite.jdbc3.JDBC3PreparedStatement.<init>(JDBC3PreparedStatement.java:30)
	at org.sqlite.jdbc4.JDBC4PreparedStatement.<init>(JDBC4PreparedStatement.java:19)
	at org.sqlite.jdbc4.JDBC4Connection.prepareStatement(JDBC4Connection.java:48)
	at org.sqlite.jdbc3.JDBC3Connection.prepareStatement(JDBC3Connection.java:263)
	at org.sqlite.jdbc3.JDBC3Connection.prepareStatement(JDBC3Connection.java:235)
	at net.sf.log4jdbc.ConnectionSpy.prepareStatement(ConnectionSpy.java:389)
	at org.apache.commons.dbcp.PoolingConnection.makeObject(PoolingConnection.java:285)
	at org.apache.commons.pool.impl.GenericKeyedObjectPool.borrowObject(GenericKeyedObjectPool.java:1179)
	at org.apache.commons.dbcp.PoolingConnection.prepareStatement(PoolingConnection.java:107)
	at org.apache.commons.dbcp.DelegatingConnection.prepareStatement(DelegatingConnection.java:281)
	at org.apache.commons.dbcp.PoolingDataSource$PoolGuardConnectionWrapper.prepareStatement(PoolingDataSource.java:313)
	at com.waldo.inventory.classes.DbObject.doSave(DbObject.java:126)
	at com.waldo.inventory.classes.DbObject$1.doInBackground(DbObject.java:147)
	at javax.swing.SwingWorker$1.call(SwingWorker.java:295)
	at java.util.concurrent.FutureTask.run(FutureTask.java:266)
	at javax.swing.SwingWorker.run(SwingWorker.java:334)
	at java.util.concurrent.ThreadPoolExecutor.runWorker(ThreadPoolExecutor.java:1142)
	at java.util.concurrent.ThreadPoolExecutor$Worker.run(ThreadPoolExecutor.java:617)
	at java.lang.Thread.run(Thread.java:745)
2017-07-01 01:16:52,902 ERROR AWT-EventQueue-0 com.waldo.inventory.classes.DbObject - Failed to save object.
java.util.concurrent.TimeoutException
	at java.util.concurrent.FutureTask.get(FutureTask.java:205)
	at javax.swing.SwingWorker.get(SwingWorker.java:612)
	at com.waldo.inventory.classes.DbObject.save(DbObject.java:180)
	at com.waldo.inventory.gui.dialogs.projecttypesdialog.ProjectTypesDialog.onNeutral(ProjectTypesDialog.java:50)
	at com.waldo.inventory.gui.components.IDialog.lambda$createButtonPanel$4(IDialog.java:180)
	at javax.swing.AbstractButton.fireActionPerformed(AbstractButton.java:2022)
	at javax.swing.AbstractButton$Handler.actionPerformed(AbstractButton.java:2348)
	at javax.swing.DefaultButtonModel.fireActionPerformed(DefaultButtonModel.java:402)
	at javax.swing.DefaultButtonModel.setPressed(DefaultButtonModel.java:259)
	at javax.swing.plaf.basic.BasicButtonListener.mouseReleased(BasicButtonListener.java:252)
	at java.awt.Component.processMouseEvent(Component.java:6533)
	at javax.swing.JComponent.processMouseEvent(JComponent.java:3324)
	at java.awt.Component.processEvent(Component.java:6298)
	at java.awt.Container.processEvent(Container.java:2236)
	at java.awt.Component.dispatchEventImpl(Component.java:4889)
	at java.awt.Container.dispatchEventImpl(Container.java:2294)
	at java.awt.Component.dispatchEvent(Component.java:4711)
	at java.awt.LightweightDispatcher.retargetMouseEvent(Container.java:4888)
	at java.awt.LightweightDispatcher.processMouseEvent(Container.java:4525)
	at java.awt.LightweightDispatcher.dispatchEvent(Container.java:4466)
	at java.awt.Container.dispatchEventImpl(Container.java:2280)
	at java.awt.Window.dispatchEventImpl(Window.java:2746)
	at java.awt.Component.dispatchEvent(Component.java:4711)
	at java.awt.EventQueue.dispatchEventImpl(EventQueue.java:758)
	at java.awt.EventQueue.access$500(EventQueue.java:97)
	at java.awt.EventQueue$3.run(EventQueue.java:709)
	at java.awt.EventQueue$3.run(EventQueue.java:703)
	at java.security.AccessController.doPrivileged(Native Method)
	at java.security.ProtectionDomain$JavaSecurityAccessImpl.doIntersectionPrivilege(ProtectionDomain.java:80)
	at java.security.ProtectionDomain$JavaSecurityAccessImpl.doIntersectionPrivilege(ProtectionDomain.java:90)
	at java.awt.EventQueue$4.run(EventQueue.java:731)
	at java.awt.EventQueue$4.run(EventQueue.java:729)
	at java.security.AccessController.doPrivileged(Native Method)
	at java.security.ProtectionDomain$JavaSecurityAccessImpl.doIntersectionPrivilege(ProtectionDomain.java:80)
	at java.awt.EventQueue.dispatchEvent(EventQueue.java:728)
	at java.awt.EventDispatchThread.pumpOneEventForFilters(EventDispatchThread.java:201)
	at java.awt.EventDispatchThread.pumpEventsForFilter(EventDispatchThread.java:116)
	at java.awt.EventDispatchThread.pumpEventsForFilter(EventDispatchThread.java:109)
	at java.awt.WaitDispatchSupport$2.run(WaitDispatchSupport.java:184)
	at java.awt.WaitDispatchSupport$4.run(WaitDispatchSupport.java:229)
	at java.awt.WaitDispatchSupport$4.run(WaitDispatchSupport.java:227)
	at java.security.AccessController.doPrivileged(Native Method)
	at java.awt.WaitDispatchSupport.enter(WaitDispatchSupport.java:227)
	at java.awt.Dialog.show(Dialog.java:1084)
	at java.awt.Component.show(Component.java:1671)
	at java.awt.Component.setVisible(Component.java:1623)
	at java.awt.Window.setVisible(Window.java:1014)
	at java.awt.Dialog.setVisible(Dialog.java:1005)
	at com.waldo.inventory.gui.components.IDialog.showDialog(IDialog.java:97)
	at com.waldo.inventory.gui.MenuBar.lambda$projectTypesSelected$5(MenuBar.java:111)
	at javax.swing.AbstractButton.fireActionPerformed(AbstractButton.java:2022)
	at javax.swing.AbstractButton$Handler.actionPerformed(AbstractButton.java:2348)
	at javax.swing.DefaultButtonModel.fireActionPerformed(DefaultButtonModel.java:402)
	at javax.swing.DefaultButtonModel.setPressed(DefaultButtonModel.java:259)
	at javax.swing.AbstractButton.doClick(AbstractButton.java:376)
	at javax.swing.plaf.basic.BasicMenuItemUI.doClick(BasicMenuItemUI.java:833)
	at javax.swing.plaf.basic.BasicMenuItemUI$Handler.mouseReleased(BasicMenuItemUI.java:877)
	at java.awt.Component.processMouseEvent(Component.java:6533)
	at javax.swing.JComponent.processMouseEvent(JComponent.java:3324)
	at java.awt.Component.processEvent(Component.java:6298)
	at java.awt.Container.processEvent(Container.java:2236)
	at java.awt.Component.dispatchEventImpl(Component.java:4889)
	at java.awt.Container.dispatchEventImpl(Container.java:2294)
	at java.awt.Component.dispatchEvent(Component.java:4711)
	at java.awt.LightweightDispatcher.retargetMouseEvent(Container.java:4888)
	at java.awt.LightweightDispatcher.processMouseEvent(Container.java:4525)
	at java.awt.LightweightDispatcher.dispatchEvent(Container.java:4466)
	at java.awt.Container.dispatchEventImpl(Container.java:2280)
	at java.awt.Window.dispatchEventImpl(Window.java:2746)
	at java.awt.Component.dispatchEvent(Component.java:4711)
	at java.awt.EventQueue.dispatchEventImpl(EventQueue.java:758)
	at java.awt.EventQueue.access$500(EventQueue.java:97)
	at java.awt.EventQueue$3.run(EventQueue.java:709)
	at java.awt.EventQueue$3.run(EventQueue.java:703)
	at java.security.AccessController.doPrivileged(Native Method)
	at java.security.ProtectionDomain$JavaSecurityAccessImpl.doIntersectionPrivilege(ProtectionDomain.java:80)
	at java.security.ProtectionDomain$JavaSecurityAccessImpl.doIntersectionPrivilege(ProtectionDomain.java:90)
	at java.awt.EventQueue$4.run(EventQueue.java:731)
	at java.awt.EventQueue$4.run(EventQueue.java:729)
	at java.security.AccessController.doPrivileged(Native Method)
	at java.security.ProtectionDomain$JavaSecurityAccessImpl.doIntersectionPrivilege(ProtectionDomain.java:80)
	at java.awt.EventQueue.dispatchEvent(EventQueue.java:728)
	at java.awt.EventDispatchThread.pumpOneEventForFilters(EventDispatchThread.java:201)
	at java.awt.EventDispatchThread.pumpEventsForFilter(EventDispatchThread.java:116)
	at java.awt.EventDispatchThread.pumpEventsForHierarchy(EventDispatchThread.java:105)
	at java.awt.EventDispatchThread.pumpEvents(EventDispatchThread.java:101)
	at java.awt.EventDispatchThread.pumpEvents(EventDispatchThread.java:93)
	at java.awt.EventDispatchThread.run(EventDispatchThread.java:82)
2017-07-01 01:17:48,944 ERROR SwingWorker-pool-1-thread-1 com.waldo.inventory.classes.DbObject - Failed to save object.
org.apache.commons.dbcp.SQLNestedException: Borrow prepareStatement from pool failed
	at org.apache.commons.dbcp.PoolingConnection.prepareStatement(PoolingConnection.java:113)
	at org.apache.commons.dbcp.DelegatingConnection.prepareStatement(DelegatingConnection.java:281)
	at org.apache.commons.dbcp.PoolingDataSource$PoolGuardConnectionWrapper.prepareStatement(PoolingDataSource.java:313)
	at com.waldo.inventory.classes.DbObject.doSave(DbObject.java:126)
	at com.waldo.inventory.classes.DbObject$1.doInBackground(DbObject.java:147)
	at javax.swing.SwingWorker$1.call(SwingWorker.java:295)
	at java.util.concurrent.FutureTask.run(FutureTask.java:266)
	at javax.swing.SwingWorker.run(SwingWorker.java:334)
	at java.util.concurrent.ThreadPoolExecutor.runWorker(ThreadPoolExecutor.java:1142)
	at java.util.concurrent.ThreadPoolExecutor$Worker.run(ThreadPoolExecutor.java:617)
	at java.lang.Thread.run(Thread.java:745)
Caused by: org.sqlite.SQLiteException: [SQLITE_ERROR] SQL error or missing database (near "?": syntax error)
	at org.sqlite.core.DB.newSQLException(DB.java:909)
	at org.sqlite.core.DB.newSQLException(DB.java:921)
	at org.sqlite.core.DB.throwex(DB.java:886)
	at org.sqlite.core.NativeDB.prepare_utf8(Native Method)
	at org.sqlite.core.NativeDB.prepare(NativeDB.java:127)
	at org.sqlite.core.DB.prepare(DB.java:227)
	at org.sqlite.core.CorePreparedStatement.<init>(CorePreparedStatement.java:41)
	at org.sqlite.jdbc3.JDBC3PreparedStatement.<init>(JDBC3PreparedStatement.java:30)
	at org.sqlite.jdbc4.JDBC4PreparedStatement.<init>(JDBC4PreparedStatement.java:19)
	at org.sqlite.jdbc4.JDBC4Connection.prepareStatement(JDBC4Connection.java:48)
	at org.sqlite.jdbc3.JDBC3Connection.prepareStatement(JDBC3Connection.java:263)
	at org.sqlite.jdbc3.JDBC3Connection.prepareStatement(JDBC3Connection.java:235)
	at net.sf.log4jdbc.ConnectionSpy.prepareStatement(ConnectionSpy.java:389)
	at org.apache.commons.dbcp.PoolingConnection.makeObject(PoolingConnection.java:285)
	at org.apache.commons.pool.impl.GenericKeyedObjectPool.borrowObject(GenericKeyedObjectPool.java:1179)
	at org.apache.commons.dbcp.PoolingConnection.prepareStatement(PoolingConnection.java:107)
	... 10 more
2017-07-01 01:17:48,995 DEBUG AWT-EventQueue-0 com.waldo.inventory.classes.DbObject - Updated object in projecttypes
2017-07-01 01:17:48,996  INFO AWT-EventQueue-0 com.waldo.inventory.database.DbManager - KiCad updated in projecttypes
2017-07-01 01:17:50,962  INFO Thread-0 jdbc.connection - 6. Connection closed  org.apache.commons.dbcp.PoolingConnection.close(PoolingConnection.java:93)
2017-07-01 01:17:50,963 DEBUG Thread-0 jdbc.connection - open connections:  2 3 4 5 (4)
2017-07-01 01:17:50,963  INFO Thread-0 jdbc.connection - 5. Connection closed  org.apache.commons.dbcp.PoolingConnection.close(PoolingConnection.java:93)
2017-07-01 01:17:50,963 DEBUG Thread-0 jdbc.connection - open connections:  2 3 4 (3)
2017-07-01 01:17:50,963  INFO Thread-0 jdbc.connection - 4. Connection closed  org.apache.commons.dbcp.PoolingConnection.close(PoolingConnection.java:93)
2017-07-01 01:17:50,963 DEBUG Thread-0 jdbc.connection - open connections:  2 3 (2)
2017-07-01 01:17:50,964  INFO Thread-0 jdbc.connection - 3. Connection closed  org.apache.commons.dbcp.PoolingConnection.close(PoolingConnection.java:93)
2017-07-01 01:17:50,964 DEBUG Thread-0 jdbc.connection - open connections:  2 (1)
2017-07-01 01:17:50,964  INFO Thread-0 jdbc.connection - 2. Connection closed  org.apache.commons.dbcp.PoolingConnection.close(PoolingConnection.java:93)
2017-07-01 01:17:50,964 DEBUG Thread-0 jdbc.connection - open connections:  none
2017-07-01 01:18:44,044  INFO main com.waldo.inventory.Main - 
 	 Starting application 
 *******************************************************************

2017-07-01 01:18:44,051  INFO main com.waldo.inventory.Main - Start application at /home/waldo/Documents/Geeken/Projects/InventoryApp/
2017-07-01 01:18:46,743  INFO AWT-EventQueue-0 com.waldo.inventory.gui.Application - Reading db at /home/waldo/Documents/Geeken/Projects/InventoryApp/inventory.db
2017-07-01 01:18:47,165  INFO AWT-EventQueue-0 org.flywaydb.core.internal.util.VersionPrinter - Flyway 4.1.1 by Boxfuse
2017-07-01 01:18:47,488  INFO AWT-EventQueue-0 jdbc.connection - 1. Connection opened  org.apache.commons.dbcp.DriverConnectionFactory.createConnection(DriverConnectionFactory.java:38)
2017-07-01 01:18:47,489 DEBUG AWT-EventQueue-0 jdbc.connection - open connections:  1 (1)
2017-07-01 01:18:47,503  INFO AWT-EventQueue-0 jdbc.connection - 1. Connection closed  org.apache.commons.dbcp.PoolingConnection.close(PoolingConnection.java:93)
2017-07-01 01:18:47,504 DEBUG AWT-EventQueue-0 jdbc.connection - open connections:  none
2017-07-01 01:18:47,506  INFO AWT-EventQueue-0 jdbc.connection - 2. Connection opened  org.apache.commons.dbcp.DriverConnectionFactory.createConnection(DriverConnectionFactory.java:38)
2017-07-01 01:18:47,507 DEBUG AWT-EventQueue-0 jdbc.connection - open connections:  2 (1)
2017-07-01 01:18:47,529  INFO AWT-EventQueue-0 jdbc.connection - 3. Connection opened  org.apache.commons.dbcp.DriverConnectionFactory.createConnection(DriverConnectionFactory.java:38)
2017-07-01 01:18:47,529 DEBUG AWT-EventQueue-0 jdbc.connection - open connections:  2 3 (2)
2017-07-01 01:18:47,530  INFO AWT-EventQueue-0 jdbc.connection - 4. Connection opened  org.apache.commons.dbcp.DriverConnectionFactory.createConnection(DriverConnectionFactory.java:38)
2017-07-01 01:18:47,530 DEBUG AWT-EventQueue-0 jdbc.connection - open connections:  2 3 4 (3)
2017-07-01 01:18:47,531  INFO AWT-EventQueue-0 jdbc.connection - 5. Connection opened  org.apache.commons.dbcp.DriverConnectionFactory.createConnection(DriverConnectionFactory.java:38)
2017-07-01 01:18:47,531 DEBUG AWT-EventQueue-0 jdbc.connection - open connections:  2 3 4 5 (4)
2017-07-01 01:18:47,535  INFO AWT-EventQueue-0 jdbc.connection - 6. Connection opened  org.apache.commons.dbcp.DriverConnectionFactory.createConnection(DriverConnectionFactory.java:38)
2017-07-01 01:18:47,535 DEBUG AWT-EventQueue-0 jdbc.connection - open connections:  2 3 4 5 6 (5)
2017-07-01 01:18:47,557  INFO AWT-EventQueue-0 org.flywaydb.core.internal.dbsupport.DbSupportFactory - Database: jdbc:sqlite:/home/waldo/Documents/Geeken/Projects/InventoryApp/inventory.db (SQLite 3.0)
2017-07-01 01:18:47,906  INFO AWT-EventQueue-0 org.flywaydb.core.internal.command.DbValidate - Successfully validated 44 migrations (execution time 00:00.193s)
2017-07-01 01:18:47,908  INFO AWT-EventQueue-0 org.flywaydb.core.internal.dbsupport.sqlite.SQLiteDbSupport - SQLite does not support setting the schema. Default schema NOT changed to main
2017-07-01 01:18:47,919  INFO AWT-EventQueue-0 org.flywaydb.core.internal.command.DbMigrate - Current version of schema "main": 18.10
2017-07-01 01:18:47,920  INFO AWT-EventQueue-0 org.flywaydb.core.internal.command.DbMigrate - Schema "main" is up to date. No migration necessary.
2017-07-01 01:18:47,921  INFO AWT-EventQueue-0 org.flywaydb.core.internal.dbsupport.sqlite.SQLiteDbSupport - SQLite does not support setting the schema. Default schema NOT changed to main
2017-07-01 01:18:57,834 DEBUG SwingWorker-pool-1-thread-1 com.waldo.inventory.classes.DbObject - Start save.
2017-07-01 01:18:57,837 DEBUG SwingWorker-pool-1-thread-1 com.waldo.inventory.classes.DbObject - Connection is open
2017-07-01 01:18:57,984 DEBUG SwingWorker-pool-1-thread-1 com.waldo.inventory.classes.DbObject - Connection was open for: 149ms
2017-07-01 01:18:57,988 DEBUG AWT-EventQueue-0 com.waldo.inventory.classes.DbObject - Updated object in projecttypes
2017-07-01 01:18:57,988  INFO AWT-EventQueue-0 com.waldo.inventory.database.DbManager - KiCad updated in projecttypes
2017-07-01 01:19:09,670 DEBUG SwingWorker-pool-1-thread-2 com.waldo.inventory.classes.DbObject - Start save.
2017-07-01 01:19:09,671 DEBUG SwingWorker-pool-1-thread-2 com.waldo.inventory.classes.DbObject - Connection is open
2017-07-01 01:19:09,798 DEBUG SwingWorker-pool-1-thread-2 com.waldo.inventory.classes.DbObject - Connection was open for: 126ms
2017-07-01 01:19:09,800 DEBUG AWT-EventQueue-0 com.waldo.inventory.classes.DbObject - Updated object in projecttypes
2017-07-01 01:19:09,800  INFO AWT-EventQueue-0 com.waldo.inventory.database.DbManager - KiCad updated in projecttypes
2017-07-01 01:20:06,287  INFO Thread-0 jdbc.connection - 6. Connection closed  org.apache.commons.dbcp.PoolingConnection.close(PoolingConnection.java:93)
2017-07-01 01:20:06,287 DEBUG Thread-0 jdbc.connection - open connections:  2 3 4 5 (4)
2017-07-01 01:20:06,288  INFO Thread-0 jdbc.connection - 5. Connection closed  org.apache.commons.dbcp.PoolingConnection.close(PoolingConnection.java:93)
2017-07-01 01:20:06,288 DEBUG Thread-0 jdbc.connection - open connections:  2 3 4 (3)
2017-07-01 01:20:06,289  INFO Thread-0 jdbc.connection - 4. Connection closed  org.apache.commons.dbcp.PoolingConnection.close(PoolingConnection.java:93)
2017-07-01 01:20:06,289 DEBUG Thread-0 jdbc.connection - open connections:  2 3 (2)
2017-07-01 01:20:06,290  INFO Thread-0 jdbc.connection - 3. Connection closed  org.apache.commons.dbcp.PoolingConnection.close(PoolingConnection.java:93)
2017-07-01 01:20:06,290 DEBUG Thread-0 jdbc.connection - open connections:  2 (1)
2017-07-01 01:20:06,290  INFO Thread-0 jdbc.connection - 2. Connection closed  org.apache.commons.dbcp.PoolingConnection.close(PoolingConnection.java:93)
2017-07-01 01:20:06,291 DEBUG Thread-0 jdbc.connection - open connections:  none
